Toolkit 11.8 doesn't exist for cluster bigfoot.
[TIME]  Script stats at: 2023-12-28 18:47:51.731483
[INFO]  You start a process related with the ID: multiclass-3-2
[PARALLELISM]  The status of cuda is: True.
[PARALLELISM]  The status of MPS is: False.
[PARALLELISM]  There are: 1 devices.
[PARALLELISM]  Parallelism is activated : False
[SAVE]  The config.py file has been saved in the id session folder.
[INFO]  Start of model training
[INFO]  You activated the option for augmented data.
[DATA]  Original images:  400 - Original masks: 400
[DATA]  Augmented images:  1599 - Augmented masks: 1599
[INFO]  Train and test paths spliting...
[INFO]  Saving testing image paths...
[INFO]  Segmentation in Dataset...
[INFO]  found 1359 examples in the training set...
[INFO]  found 240 examples in the test set...
[INFO]  Creation of Torch DataLoader...
[INFO]  Training the network...
[TIME]  Training batch on epoch 1 done at 2023-12-28 18:47:54.402159.
[TIME]  Testing batch on epoch 1 done at 2023-12-28 18:56:49.706914.
[TIME]  EPOCH: 1/1 at 2023-12-28 18:58:30.221748
Train loss: 1.476277, Test loss: 1.3793
[INFO]  We are saving the model at epoch 1.
[INFO]  Plotting and saving the Loss Function, decis and learning rate...
[TIME]  Total time taken to train the model: 636.29s
[DATA]  We save metrics file.
[INFO]  Plotting and saving the Loss Function, decis and learning rate...
[INFO]  We are saving the model...
[INFO]  Training model finished
Toolkit 11.8 doesn't exist for cluster bigfoot.
[TIME]  Script stats at: 2023-12-28 19:03:21.570806
[INFO]  You start a process related with the ID: multiclass-3-2
[PARALLELISM]  The status of cuda is: True.
[PARALLELISM]  The status of MPS is: False.
[PARALLELISM]  There are: 1 devices.
[PARALLELISM]  Parallelism is activated : False
[SAVE]  The config.py file has been saved in the id session folder.
[INFO]  Start of model training
[INFO]  You activated the option for augmented data.
[DATA]  Original images:  400 - Original masks: 400
[DATA]  Augmented images:  1599 - Augmented masks: 1599
[INFO]  Train and test paths spliting...
[INFO]  Saving testing image paths...
[INFO]  Segmentation in Dataset...
[INFO]  found 1359 examples in the training set...
[INFO]  found 240 examples in the test set...
[INFO]  Creation of Torch DataLoader...
[INFO]  Training the network...
[TIME]  Training batch on epoch 1 done at 2023-12-28 19:03:24.004963.
[TIME]  Testing batch on epoch 1 done at 2023-12-28 19:12:18.864608.
[TIME]  EPOCH: 1/45 at 2023-12-28 19:13:56.697629
Train loss: 1.441166, Test loss: 1.3687
[INFO]  We are saving the model at epoch 1.
[INFO]  Plotting and saving the Loss Function, decis and learning rate...
[TIME]  Training batch on epoch 2 done at 2023-12-28 19:13:57.165915.
[TIME]  Testing batch on epoch 2 done at 2023-12-28 19:23:03.316661.
[TIME]  EPOCH: 2/45 at 2023-12-28 19:24:45.691029
Train loss: 1.288868, Test loss: 1.2488
[INFO]  We are saving the model at epoch 2.
[INFO]  Plotting and saving the Loss Function, decis and learning rate...
[TIME]  Training batch on epoch 3 done at 2023-12-28 19:24:46.104890.
[TIME]  Testing batch on epoch 3 done at 2023-12-28 19:34:08.425435.
[TIME]  EPOCH: 3/45 at 2023-12-28 19:35:54.260734
Train loss: 1.215744, Test loss: 1.2083
[INFO]  We are saving the model at epoch 3.
[INFO]  Plotting and saving the Loss Function, decis and learning rate...
[TIME]  Training batch on epoch 4 done at 2023-12-28 19:35:54.687261.
[TIME]  Testing batch on epoch 4 done at 2023-12-28 19:45:21.575790.
[TIME]  EPOCH: 4/45 at 2023-12-28 19:47:07.583809
Train loss: 1.160764, Test loss: 1.1337
[INFO]  We are saving the model at epoch 4.
[INFO]  Plotting and saving the Loss Function, decis and learning rate...
[TIME]  Training batch on epoch 5 done at 2023-12-28 19:47:07.995001.
[TIME]  Testing batch on epoch 5 done at 2023-12-28 19:56:33.214537.
[TIME]  EPOCH: 5/45 at 2023-12-28 19:58:12.899313
Train loss: 1.118294, Test loss: 1.1493
[INFO]  We are saving the model at epoch 5.
[INFO]  Plotting and saving the Loss Function, decis and learning rate...
[TIME]  Training batch on epoch 6 done at 2023-12-28 19:58:13.344156.
[TIME]  Testing batch on epoch 6 done at 2023-12-28 20:07:30.619384.
[TIME]  EPOCH: 6/45 at 2023-12-28 20:09:13.809086
Train loss: 1.064168, Test loss: 1.1466
[INFO]  We are saving the model at epoch 6.
[INFO]  Plotting and saving the Loss Function, decis and learning rate...
[TIME]  Training batch on epoch 7 done at 2023-12-28 20:09:14.228400.
[TIME]  Testing batch on epoch 7 done at 2023-12-28 20:18:34.014717.
[TIME]  EPOCH: 7/45 at 2023-12-28 20:20:13.729437
Train loss: 1.004341, Test loss: 0.9725
[INFO]  We are saving the model at epoch 7.
[INFO]  Plotting and saving the Loss Function, decis and learning rate...
[TIME]  Training batch on epoch 8 done at 2023-12-28 20:20:14.124001.
[TIME]  Testing batch on epoch 8 done at 2023-12-28 20:29:27.684994.
[TIME]  EPOCH: 8/45 at 2023-12-28 20:31:10.098260
Train loss: 0.963506, Test loss: 1.0396
[INFO]  We are saving the model at epoch 8.
[INFO]  Plotting and saving the Loss Function, decis and learning rate...
[TIME]  Training batch on epoch 9 done at 2023-12-28 20:31:10.504943.
[TIME]  Testing batch on epoch 9 done at 2023-12-28 20:40:30.276944.
[TIME]  EPOCH: 9/45 at 2023-12-28 20:42:16.220245
Train loss: 0.920331, Test loss: 0.9151
[INFO]  We are saving the model at epoch 9.
[INFO]  Plotting and saving the Loss Function, decis and learning rate...
[TIME]  Training batch on epoch 10 done at 2023-12-28 20:42:16.640516.
[TIME]  Testing batch on epoch 10 done at 2023-12-28 20:51:40.285421.
[TIME]  EPOCH: 10/45 at 2023-12-28 20:53:22.269721
Train loss: 0.868465, Test loss: 0.9773
[INFO]  We are saving the model at epoch 10.
[INFO]  Plotting and saving the Loss Function, decis and learning rate...
[TIME]  Training batch on epoch 11 done at 2023-12-28 20:53:22.653655.
[TIME]  Testing batch on epoch 11 done at 2023-12-28 21:02:49.205204.
[TIME]  EPOCH: 11/45 at 2023-12-28 21:04:35.591580
Train loss: 0.868967, Test loss: 0.9479
[INFO]  We are saving the model at epoch 11.
[INFO]  Plotting and saving the Loss Function, decis and learning rate...
[TIME]  Training batch on epoch 12 done at 2023-12-28 21:04:35.981433.
[TIME]  Testing batch on epoch 12 done at 2023-12-28 21:14:07.039267.
[TIME]  EPOCH: 12/45 at 2023-12-28 21:15:57.110502
Train loss: 0.862589, Test loss: 0.8150
[INFO]  We are saving the model at epoch 12.
[INFO]  Plotting and saving the Loss Function, decis and learning rate...
[TIME]  Training batch on epoch 13 done at 2023-12-28 21:15:57.507268.
[TIME]  Testing batch on epoch 13 done at 2023-12-28 21:25:26.564079.
[TIME]  EPOCH: 13/45 at 2023-12-28 21:27:09.785062
Train loss: 0.770186, Test loss: 0.8133
[INFO]  We are saving the model at epoch 13.
[INFO]  Plotting and saving the Loss Function, decis and learning rate...
[TIME]  Training batch on epoch 14 done at 2023-12-28 21:27:10.296867.
[TIME]  Testing batch on epoch 14 done at 2023-12-28 21:36:32.718010.
[TIME]  EPOCH: 14/45 at 2023-12-28 21:38:20.210021
Train loss: 0.743230, Test loss: 0.7332
[INFO]  We are saving the model at epoch 14.
[INFO]  Plotting and saving the Loss Function, decis and learning rate...
[TIME]  Training batch on epoch 15 done at 2023-12-28 21:38:20.619538.
[TIME]  Testing batch on epoch 15 done at 2023-12-28 21:47:42.664397.
[TIME]  EPOCH: 15/45 at 2023-12-28 21:49:26.269098
Train loss: 0.719145, Test loss: 0.7518
[INFO]  We are saving the model at epoch 15.
[INFO]  Plotting and saving the Loss Function, decis and learning rate...
[TIME]  Training batch on epoch 16 done at 2023-12-28 21:49:26.686694.
[TIME]  Testing batch on epoch 16 done at 2023-12-28 21:58:54.921263.
[TIME]  EPOCH: 16/45 at 2023-12-28 22:00:42.921482
Train loss: 0.696549, Test loss: 0.6858
[INFO]  We are saving the model at epoch 16.
[INFO]  Plotting and saving the Loss Function, decis and learning rate...
[TIME]  Training batch on epoch 17 done at 2023-12-28 22:00:43.344759.
[TIME]  Testing batch on epoch 17 done at 2023-12-28 22:10:11.202296.
[TIME]  EPOCH: 17/45 at 2023-12-28 22:11:56.392794
Train loss: 0.682401, Test loss: 0.7088
[INFO]  We are saving the model at epoch 17.
[INFO]  Plotting and saving the Loss Function, decis and learning rate...
[TIME]  Training batch on epoch 18 done at 2023-12-28 22:11:56.822100.
[TIME]  Testing batch on epoch 18 done at 2023-12-28 22:21:13.125840.
[TIME]  EPOCH: 18/45 at 2023-12-28 22:22:56.301399
Train loss: 0.711525, Test loss: 0.6903
[INFO]  We are saving the model at epoch 18.
[INFO]  Plotting and saving the Loss Function, decis and learning rate...
[TIME]  Training batch on epoch 19 done at 2023-12-28 22:22:56.728010.
[TIME]  Testing batch on epoch 19 done at 2023-12-28 22:32:25.245348.
[TIME]  EPOCH: 19/45 at 2023-12-28 22:34:10.063293
Train loss: 0.674348, Test loss: 0.6835
[INFO]  We are saving the model at epoch 19.
[INFO]  Plotting and saving the Loss Function, decis and learning rate...
[TIME]  Training batch on epoch 20 done at 2023-12-28 22:34:10.492904.
[TIME]  Testing batch on epoch 20 done at 2023-12-28 22:43:26.976520.
[TIME]  EPOCH: 20/45 at 2023-12-28 22:45:10.438196
Train loss: 0.677516, Test loss: 0.6673
[INFO]  We are saving the model at epoch 20.
[INFO]  Plotting and saving the Loss Function, decis and learning rate...
[TIME]  Training batch on epoch 21 done at 2023-12-28 22:45:10.995461.
[TIME]  Testing batch on epoch 21 done at 2023-12-28 22:54:38.718491.
[TIME]  EPOCH: 21/45 at 2023-12-28 22:56:22.461034
Train loss: 0.655227, Test loss: 0.6966
[INFO]  We are saving the model at epoch 21.
[INFO]  Plotting and saving the Loss Function, decis and learning rate...
[TIME]  Training batch on epoch 22 done at 2023-12-28 22:56:22.899445.
[TIME]  Testing batch on epoch 22 done at 2023-12-28 23:05:50.035013.
[TIME]  EPOCH: 22/45 at 2023-12-28 23:07:34.230836
Train loss: 0.636470, Test loss: 0.6662
[INFO]  We are saving the model at epoch 22.
[INFO]  Plotting and saving the Loss Function, decis and learning rate...
[TIME]  Training batch on epoch 23 done at 2023-12-28 23:07:34.620718.
[TIME]  Testing batch on epoch 23 done at 2023-12-28 23:16:52.164771.
[TIME]  EPOCH: 23/45 at 2023-12-28 23:18:32.356469
Train loss: 0.685580, Test loss: 0.6531
[INFO]  We are saving the model at epoch 23.
[INFO]  Plotting and saving the Loss Function, decis and learning rate...
[TIME]  Training batch on epoch 24 done at 2023-12-28 23:18:32.751492.
[TIME]  Testing batch on epoch 24 done at 2023-12-28 23:27:50.721439.
[TIME]  EPOCH: 24/45 at 2023-12-28 23:29:34.703167
Train loss: 0.650157, Test loss: 0.6525
[INFO]  We are saving the model at epoch 24.
[INFO]  Plotting and saving the Loss Function, decis and learning rate...
[TIME]  Training batch on epoch 25 done at 2023-12-28 23:29:35.098335.
[TIME]  Testing batch on epoch 25 done at 2023-12-28 23:38:45.641502.
[TIME]  EPOCH: 25/45 at 2023-12-28 23:40:30.344292
Train loss: 0.627255, Test loss: 0.6354
[INFO]  We are saving the model at epoch 25.
[INFO]  Plotting and saving the Loss Function, decis and learning rate...
[TIME]  Training batch on epoch 26 done at 2023-12-28 23:40:30.750341.
[TIME]  Testing batch on epoch 26 done at 2023-12-28 23:49:44.308800.
[TIME]  EPOCH: 26/45 at 2023-12-28 23:51:27.564946
Train loss: 0.621342, Test loss: 0.6408
[INFO]  We are saving the model at epoch 26.
[INFO]  Plotting and saving the Loss Function, decis and learning rate...
[TIME]  Training batch on epoch 27 done at 2023-12-28 23:51:27.957702.
[TIME]  Testing batch on epoch 27 done at 2023-12-29 00:00:53.934239.
[TIME]  EPOCH: 27/45 at 2023-12-29 00:02:39.674686
Train loss: 0.641942, Test loss: 0.6170
[INFO]  We are saving the model at epoch 27.
[INFO]  Plotting and saving the Loss Function, decis and learning rate...
[TIME]  Training batch on epoch 28 done at 2023-12-29 00:02:40.064345.
[TIME]  Testing batch on epoch 28 done at 2023-12-29 00:11:58.937909.
[TIME]  EPOCH: 28/45 at 2023-12-29 00:13:43.231872
Train loss: 0.615283, Test loss: 0.6042
[INFO]  We are saving the model at epoch 28.
[INFO]  Plotting and saving the Loss Function, decis and learning rate...
[TIME]  Training batch on epoch 29 done at 2023-12-29 00:13:43.625784.
[TIME]  Testing batch on epoch 29 done at 2023-12-29 00:22:51.398245.
[TIME]  EPOCH: 29/45 at 2023-12-29 00:24:34.875653
Train loss: 0.618125, Test loss: 0.6231
[INFO]  We are saving the model at epoch 29.
[INFO]  Plotting and saving the Loss Function, decis and learning rate...
[TIME]  Training batch on epoch 30 done at 2023-12-29 00:24:35.461041.
[TIME]  Testing batch on epoch 30 done at 2023-12-29 00:34:06.825534.
[TIME]  EPOCH: 30/45 at 2023-12-29 00:35:51.931972
Train loss: 0.605840, Test loss: 0.5996
[INFO]  We are saving the model at epoch 30.
[INFO]  Plotting and saving the Loss Function, decis and learning rate...
[TIME]  Training batch on epoch 31 done at 2023-12-29 00:35:52.336937.
[TIME]  Testing batch on epoch 31 done at 2023-12-29 00:45:09.395225.
[TIME]  EPOCH: 31/45 at 2023-12-29 00:46:54.765030
Train loss: 0.592776, Test loss: 0.6672
[INFO]  We are saving the model at epoch 31.
[INFO]  Plotting and saving the Loss Function, decis and learning rate...
[TIME]  Training batch on epoch 32 done at 2023-12-29 00:46:55.163075.
[TIME]  Testing batch on epoch 32 done at 2023-12-29 00:56:24.945925.
[TIME]  EPOCH: 32/45 at 2023-12-29 00:58:10.831376
Train loss: 0.611281, Test loss: 0.6286
[INFO]  We are saving the model at epoch 32.
[INFO]  Plotting and saving the Loss Function, decis and learning rate...
[TIME]  Training batch on epoch 33 done at 2023-12-29 00:58:11.230198.
[TIME]  Testing batch on epoch 33 done at 2023-12-29 01:07:28.284216.
[TIME]  EPOCH: 33/45 at 2023-12-29 01:09:11.265510
Train loss: 0.603364, Test loss: 0.6220
[INFO]  We are saving the model at epoch 33.
[INFO]  Plotting and saving the Loss Function, decis and learning rate...
[TIME]  Training batch on epoch 34 done at 2023-12-29 01:09:11.666302.
[TIME]  Testing batch on epoch 34 done at 2023-12-29 01:18:42.375729.
[TIME]  EPOCH: 34/45 at 2023-12-29 01:20:26.467642
Train loss: 0.585928, Test loss: 0.5707
[INFO]  We are saving the model at epoch 34.
[INFO]  Plotting and saving the Loss Function, decis and learning rate...
[TIME]  Training batch on epoch 35 done at 2023-12-29 01:20:26.869980.
[TIME]  Testing batch on epoch 35 done at 2023-12-29 01:29:49.083667.
[TIME]  EPOCH: 35/45 at 2023-12-29 01:31:34.660253
Train loss: 0.557507, Test loss: 0.5954
[INFO]  We are saving the model at epoch 35.
[INFO]  Plotting and saving the Loss Function, decis and learning rate...
[TIME]  Training batch on epoch 36 done at 2023-12-29 01:31:35.072652.
[TIME]  Testing batch on epoch 36 done at 2023-12-29 01:41:13.215280.
[TIME]  EPOCH: 36/45 at 2023-12-29 01:42:56.737430
Train loss: 0.554059, Test loss: 0.5705
[INFO]  We are saving the model at epoch 36.
[INFO]  Plotting and saving the Loss Function, decis and learning rate...
[TIME]  Training batch on epoch 37 done at 2023-12-29 01:42:57.147884.
[TIME]  Testing batch on epoch 37 done at 2023-12-29 01:52:24.018178.
[TIME]  EPOCH: 37/45 at 2023-12-29 01:54:08.145859
Train loss: 0.580183, Test loss: 0.5870
[INFO]  We are saving the model at epoch 37.
[INFO]  Plotting and saving the Loss Function, decis and learning rate...
[TIME]  Training batch on epoch 38 done at 2023-12-29 01:54:08.558910.
[TIME]  Testing batch on epoch 38 done at 2023-12-29 02:03:29.976974.
[TIME]  EPOCH: 38/45 at 2023-12-29 02:05:15.657375
Train loss: 0.557477, Test loss: 0.5978
[INFO]  We are saving the model at epoch 38.
[INFO]  Plotting and saving the Loss Function, decis and learning rate...
[TIME]  Training batch on epoch 39 done at 2023-12-29 02:05:16.067988.
[TIME]  Testing batch on epoch 39 done at 2023-12-29 02:14:37.741415.
[TIME]  EPOCH: 39/45 at 2023-12-29 02:16:20.156188
Train loss: 0.551233, Test loss: 0.5675
[INFO]  We are saving the model at epoch 39.
[INFO]  Plotting and saving the Loss Function, decis and learning rate...
[TIME]  Training batch on epoch 40 done at 2023-12-29 02:16:20.810978.
[TIME]  Testing batch on epoch 40 done at 2023-12-29 02:25:39.223245.
[TIME]  EPOCH: 40/45 at 2023-12-29 02:27:22.450306
Train loss: 0.531587, Test loss: 0.5557
[INFO]  We are saving the model at epoch 40.
[INFO]  Plotting and saving the Loss Function, decis and learning rate...
[TIME]  Training batch on epoch 41 done at 2023-12-29 02:27:22.874252.
[TIME]  Testing batch on epoch 41 done at 2023-12-29 02:36:44.223446.
[TIME]  EPOCH: 41/45 at 2023-12-29 02:38:30.583052
Train loss: 0.526899, Test loss: 0.5568
[INFO]  We are saving the model at epoch 41.
[INFO]  Plotting and saving the Loss Function, decis and learning rate...
[TIME]  Training batch on epoch 42 done at 2023-12-29 02:38:31.003963.
[TIME]  Testing batch on epoch 42 done at 2023-12-29 02:47:40.240586.
[TIME]  EPOCH: 42/45 at 2023-12-29 02:49:24.748756
Train loss: 0.532938, Test loss: 0.5747
[INFO]  We are saving the model at epoch 42.
[INFO]  Plotting and saving the Loss Function, decis and learning rate...
[TIME]  Training batch on epoch 43 done at 2023-12-29 02:49:25.125415.
[TIME]  Testing batch on epoch 43 done at 2023-12-29 02:58:46.767253.
[TIME]  EPOCH: 43/45 at 2023-12-29 03:00:27.329571
Train loss: 0.533931, Test loss: 0.5418
[INFO]  We are saving the model at epoch 43.
[INFO]  Plotting and saving the Loss Function, decis and learning rate...
[TIME]  Training batch on epoch 44 done at 2023-12-29 03:00:27.704284.
[TIME]  Testing batch on epoch 44 done at 2023-12-29 03:09:47.063869.
[TIME]  EPOCH: 44/45 at 2023-12-29 03:11:31.663633
Train loss: 0.530216, Test loss: 0.5549
[INFO]  We are saving the model at epoch 44.
[INFO]  Plotting and saving the Loss Function, decis and learning rate...
[TIME]  Training batch on epoch 45 done at 2023-12-29 03:11:32.044817.
[TIME]  Testing batch on epoch 45 done at 2023-12-29 03:20:58.412744.
[TIME]  EPOCH: 45/45 at 2023-12-29 03:22:42.002450
Train loss: 0.520000, Test loss: 0.5411
[INFO]  We are saving the model at epoch 45.
[INFO]  Plotting and saving the Loss Function, decis and learning rate...
[TIME]  Total time taken to train the model: 29958.38s
[DATA]  We save metrics file.
[INFO]  Plotting and saving the Loss Function, decis and learning rate...
[INFO]  We are saving the model...
[INFO]  Training model finished
Toolkit 11.8 doesn't exist for cluster bigfoot.
[TIME]  Script stats at: 2024-01-03 20:55:12.581012
[INFO]  You start a process related with the ID: multiclass-3-3
[PARALLELISM]  The status of cuda is: True.
[PARALLELISM]  The status of MPS is: False.
[PARALLELISM]  There are: 1 devices.
[PARALLELISM]  Parallelism is activated : False
[DATA]  You created a new folder : /home/conversb/Semantic_Segmentation_U-NET/output/multiclass-3-3
[SAVE]  The config.py file has been saved in the id session folder.
[INFO]  Start of model training
[INFO]  Train and test paths spliting...
[INFO]  Saving testing image paths...
[INFO]  Segmentation in Dataset...
[INFO]  found 340 examples in the training set...
[INFO]  found 60 examples in the test set...
[INFO]  Creation of Torch DataLoader...
[INFO]  Training the network...
[TIME]  Training batch on epoch 1 done at 2024-01-03 20:55:16.210060.
[TIME]  Testing batch on epoch 1 done at 2024-01-03 20:59:02.863851.
[TIME]  EPOCH: 1/1 at 2024-01-03 21:00:23.708275
Train loss: 1.760190, Test loss: 1.9404
[INFO]  We are saving the model at epoch 1.
[INFO]  Plotting and saving the Loss Function, decis and learning rate...
[TIME]  Total time taken to train the model: 308.00s
[DATA]  We save metrics file.
[INFO]  Plotting and saving the Loss Function, decis and learning rate...
[INFO]  We are saving the model...
[INFO]  Training model finished
Toolkit 11.8 doesn't exist for cluster bigfoot.
[TIME]  Script stats at: 2024-01-03 22:02:29.267386
[INFO]  You start a process related with the ID: multiclass-3-3
[PARALLELISM]  The status of cuda is: True.
[PARALLELISM]  The status of MPS is: False.
[PARALLELISM]  There are: 1 devices.
[PARALLELISM]  Parallelism is activated : False
[SAVE]  The config.py file has been saved in the id session folder.
[INFO]  Start of model training
[INFO]  Train and test paths spliting...
[INFO]  Saving testing image paths...
[INFO]  Segmentation in Dataset...
[INFO]  found 340 examples in the training set...
[INFO]  found 60 examples in the test set...
[INFO]  Creation of Torch DataLoader...
[INFO]  Training the network...
[TIME]  Training batch on epoch 1 done at 2024-01-03 22:02:31.696250.
[TIME]  Testing batch on epoch 1 done at 2024-01-03 22:05:27.289360.
[TIME]  EPOCH: 1/45 at 2024-01-03 22:06:46.186070
Train loss: 1.807106, Test loss: 1.9118
[INFO]  We are saving the model at epoch 1.
[INFO]  Plotting and saving the Loss Function, decis and learning rate...
[TIME]  Training batch on epoch 2 done at 2024-01-03 22:06:46.656657.
[TIME]  Testing batch on epoch 2 done at 2024-01-03 22:09:43.572484.
[TIME]  EPOCH: 2/45 at 2024-01-03 22:11:04.240618
Train loss: 1.477793, Test loss: 1.8137
[INFO]  We are saving the model at epoch 2.
[INFO]  Plotting and saving the Loss Function, decis and learning rate...
[TIME]  Training batch on epoch 3 done at 2024-01-03 22:11:04.673192.
[TIME]  Testing batch on epoch 3 done at 2024-01-03 22:14:03.867225.
[TIME]  EPOCH: 3/45 at 2024-01-03 22:15:23.786595
Train loss: 1.459201, Test loss: 1.8139
[INFO]  We are saving the model at epoch 3.
[INFO]  Plotting and saving the Loss Function, decis and learning rate...
[TIME]  Training batch on epoch 4 done at 2024-01-03 22:15:24.282699.
[TIME]  Testing batch on epoch 4 done at 2024-01-03 22:18:24.612131.
[TIME]  EPOCH: 4/45 at 2024-01-03 22:19:45.228373
Train loss: 1.450862, Test loss: 1.7940
[INFO]  We are saving the model at epoch 4.
[INFO]  Plotting and saving the Loss Function, decis and learning rate...
[TIME]  Training batch on epoch 5 done at 2024-01-03 22:19:45.614687.
[TIME]  Testing batch on epoch 5 done at 2024-01-03 22:22:47.492515.
[TIME]  EPOCH: 5/45 at 2024-01-03 22:24:21.479667
Train loss: 1.429381, Test loss: 1.7505
[INFO]  We are saving the model at epoch 5.
[INFO]  Plotting and saving the Loss Function, decis and learning rate...
[TIME]  Training batch on epoch 6 done at 2024-01-03 22:24:21.889803.
[TIME]  Testing batch on epoch 6 done at 2024-01-03 22:27:23.277419.
[TIME]  EPOCH: 6/45 at 2024-01-03 22:28:57.220987
Train loss: 1.398129, Test loss: 1.7015
[INFO]  We are saving the model at epoch 6.
[INFO]  Plotting and saving the Loss Function, decis and learning rate...
[TIME]  Training batch on epoch 7 done at 2024-01-03 22:28:57.598107.
[TIME]  Testing batch on epoch 7 done at 2024-01-03 22:31:56.260803.
[TIME]  EPOCH: 7/45 at 2024-01-03 22:33:29.572626
Train loss: 1.363945, Test loss: 1.6814
[INFO]  We are saving the model at epoch 7.
[INFO]  Plotting and saving the Loss Function, decis and learning rate...
[TIME]  Training batch on epoch 8 done at 2024-01-03 22:33:29.974218.
[TIME]  Testing batch on epoch 8 done at 2024-01-03 22:36:28.969675.
[TIME]  EPOCH: 8/45 at 2024-01-03 22:37:48.857607
Train loss: 1.352219, Test loss: 1.6493
[INFO]  We are saving the model at epoch 8.
[INFO]  Plotting and saving the Loss Function, decis and learning rate...
[TIME]  Training batch on epoch 9 done at 2024-01-03 22:37:49.349075.
[TIME]  Testing batch on epoch 9 done at 2024-01-03 22:40:50.938817.
[TIME]  EPOCH: 9/45 at 2024-01-03 22:42:12.013982
Train loss: 1.326770, Test loss: 1.5953
[INFO]  We are saving the model at epoch 9.
[INFO]  Plotting and saving the Loss Function, decis and learning rate...
[TIME]  Training batch on epoch 10 done at 2024-01-03 22:42:12.432694.
[TIME]  Testing batch on epoch 10 done at 2024-01-03 22:45:16.419668.
[TIME]  EPOCH: 10/45 at 2024-01-03 22:46:36.847042
Train loss: 1.284521, Test loss: 1.5673
[INFO]  We are saving the model at epoch 10.
[INFO]  Plotting and saving the Loss Function, decis and learning rate...
[TIME]  Training batch on epoch 11 done at 2024-01-03 22:46:37.232066.
[TIME]  Testing batch on epoch 11 done at 2024-01-03 22:49:43.832432.
[TIME]  EPOCH: 11/45 at 2024-01-03 22:51:04.289600
Train loss: 1.279642, Test loss: 1.6860
[INFO]  We are saving the model at epoch 11.
[INFO]  Plotting and saving the Loss Function, decis and learning rate...
[TIME]  Training batch on epoch 12 done at 2024-01-03 22:51:04.682221.
[TIME]  Testing batch on epoch 12 done at 2024-01-03 22:54:07.294657.
[TIME]  EPOCH: 12/45 at 2024-01-03 22:55:40.560907
Train loss: 1.271008, Test loss: 1.4346
[INFO]  We are saving the model at epoch 12.
[INFO]  Plotting and saving the Loss Function, decis and learning rate...
[TIME]  Training batch on epoch 13 done at 2024-01-03 22:55:40.967080.
[TIME]  Testing batch on epoch 13 done at 2024-01-03 22:58:42.139236.
[TIME]  EPOCH: 13/45 at 2024-01-03 23:00:16.514004
Train loss: 1.229577, Test loss: 1.4115
[INFO]  We are saving the model at epoch 13.
[INFO]  Plotting and saving the Loss Function, decis and learning rate...
[TIME]  Training batch on epoch 14 done at 2024-01-03 23:00:16.911513.
[TIME]  Testing batch on epoch 14 done at 2024-01-03 23:03:18.514750.
[TIME]  EPOCH: 14/45 at 2024-01-03 23:04:53.108896
Train loss: 1.210695, Test loss: 1.4385
[INFO]  We are saving the model at epoch 14.
[INFO]  Plotting and saving the Loss Function, decis and learning rate...
[TIME]  Training batch on epoch 15 done at 2024-01-03 23:04:53.610790.
[TIME]  Testing batch on epoch 15 done at 2024-01-03 23:07:58.954637.
[TIME]  EPOCH: 15/45 at 2024-01-03 23:09:20.018986
Train loss: 1.205603, Test loss: 1.4325
[INFO]  We are saving the model at epoch 15.
[INFO]  Plotting and saving the Loss Function, decis and learning rate...
[TIME]  Training batch on epoch 16 done at 2024-01-03 23:09:20.430175.
[TIME]  Testing batch on epoch 16 done at 2024-01-03 23:12:18.755091.
[TIME]  EPOCH: 16/45 at 2024-01-03 23:13:38.991678
Train loss: 1.166826, Test loss: 1.3796
[INFO]  We are saving the model at epoch 16.
[INFO]  Plotting and saving the Loss Function, decis and learning rate...
[TIME]  Training batch on epoch 17 done at 2024-01-03 23:13:39.402088.
[TIME]  Testing batch on epoch 17 done at 2024-01-03 23:16:44.721428.
[TIME]  EPOCH: 17/45 at 2024-01-03 23:18:04.397521
Train loss: 1.139934, Test loss: 1.4061
[INFO]  We are saving the model at epoch 17.
[INFO]  Plotting and saving the Loss Function, decis and learning rate...
[TIME]  Training batch on epoch 18 done at 2024-01-03 23:18:04.815498.
[TIME]  Testing batch on epoch 18 done at 2024-01-03 23:21:08.429510.
[TIME]  EPOCH: 18/45 at 2024-01-03 23:22:28.965843
Train loss: 1.131699, Test loss: 1.2959
[INFO]  We are saving the model at epoch 18.
[INFO]  Plotting and saving the Loss Function, decis and learning rate...
[TIME]  Training batch on epoch 19 done at 2024-01-03 23:22:29.403651.
[TIME]  Testing batch on epoch 19 done at 2024-01-03 23:25:31.904919.
[TIME]  EPOCH: 19/45 at 2024-01-03 23:26:51.320935
Train loss: 1.100074, Test loss: 1.3088
[INFO]  We are saving the model at epoch 19.
[INFO]  Plotting and saving the Loss Function, decis and learning rate...
[TIME]  Training batch on epoch 20 done at 2024-01-03 23:26:51.757738.
[TIME]  Testing batch on epoch 20 done at 2024-01-03 23:29:49.163692.
[TIME]  EPOCH: 20/45 at 2024-01-03 23:31:09.618777
Train loss: 1.076087, Test loss: 1.5291
[INFO]  We are saving the model at epoch 20.
[INFO]  Plotting and saving the Loss Function, decis and learning rate...
[TIME]  Training batch on epoch 21 done at 2024-01-03 23:31:10.168637.
[TIME]  Testing batch on epoch 21 done at 2024-01-03 23:34:17.724722.
[TIME]  EPOCH: 21/45 at 2024-01-03 23:35:38.264564
Train loss: 1.141349, Test loss: 1.2793
[INFO]  We are saving the model at epoch 21.
[INFO]  Plotting and saving the Loss Function, decis and learning rate...
[TIME]  Training batch on epoch 22 done at 2024-01-03 23:35:38.676847.
[TIME]  Testing batch on epoch 22 done at 2024-01-03 23:38:45.250377.
[TIME]  EPOCH: 22/45 at 2024-01-03 23:40:04.729970
Train loss: 1.096231, Test loss: 1.2714
[INFO]  We are saving the model at epoch 22.
[INFO]  Plotting and saving the Loss Function, decis and learning rate...
[TIME]  Training batch on epoch 23 done at 2024-01-03 23:40:05.091244.
[TIME]  Testing batch on epoch 23 done at 2024-01-03 23:43:04.760842.
[TIME]  EPOCH: 23/45 at 2024-01-03 23:44:24.961331
Train loss: 1.041075, Test loss: 1.2468
[INFO]  We are saving the model at epoch 23.
[INFO]  Plotting and saving the Loss Function, decis and learning rate...
[TIME]  Training batch on epoch 24 done at 2024-01-03 23:44:25.328862.
[TIME]  Testing batch on epoch 24 done at 2024-01-03 23:47:27.923404.
[TIME]  EPOCH: 24/45 at 2024-01-03 23:48:48.304894
Train loss: 1.023743, Test loss: 1.2144
[INFO]  We are saving the model at epoch 24.
[INFO]  Plotting and saving the Loss Function, decis and learning rate...
[TIME]  Training batch on epoch 25 done at 2024-01-03 23:48:48.722695.
[TIME]  Testing batch on epoch 25 done at 2024-01-03 23:51:53.773164.
[TIME]  EPOCH: 25/45 at 2024-01-03 23:53:28.664769
Train loss: 0.971392, Test loss: 1.2410
[INFO]  We are saving the model at epoch 25.
[INFO]  Plotting and saving the Loss Function, decis and learning rate...
[TIME]  Training batch on epoch 26 done at 2024-01-03 23:53:29.042286.
[TIME]  Testing batch on epoch 26 done at 2024-01-03 23:56:27.496368.
[TIME]  EPOCH: 26/45 at 2024-01-03 23:57:47.945390
Train loss: 1.034463, Test loss: 1.3589
[INFO]  We are saving the model at epoch 26.
[INFO]  Plotting and saving the Loss Function, decis and learning rate...
[TIME]  Training batch on epoch 27 done at 2024-01-03 23:57:48.321367.
[TIME]  Testing batch on epoch 27 done at 2024-01-04 00:00:50.508940.
[TIME]  EPOCH: 27/45 at 2024-01-04 00:02:10.928985
Train loss: 1.036293, Test loss: 1.2566
[INFO]  We are saving the model at epoch 27.
[INFO]  Plotting and saving the Loss Function, decis and learning rate...
[TIME]  Training batch on epoch 28 done at 2024-01-04 00:02:11.304738.
[TIME]  Testing batch on epoch 28 done at 2024-01-04 00:05:16.566327.
[TIME]  EPOCH: 28/45 at 2024-01-04 00:06:36.550297
Train loss: 1.017810, Test loss: 1.2009
[INFO]  We are saving the model at epoch 28.
[INFO]  Plotting and saving the Loss Function, decis and learning rate...
[TIME]  Training batch on epoch 29 done at 2024-01-04 00:06:36.925461.
[TIME]  Testing batch on epoch 29 done at 2024-01-04 00:09:35.792745.
[TIME]  EPOCH: 29/45 at 2024-01-04 00:11:10.410569
Train loss: 0.971471, Test loss: 1.1098
[INFO]  We are saving the model at epoch 29.
[INFO]  Plotting and saving the Loss Function, decis and learning rate...
[TIME]  Training batch on epoch 30 done at 2024-01-04 00:11:10.968403.
[TIME]  Testing batch on epoch 30 done at 2024-01-04 00:14:15.941007.
[TIME]  EPOCH: 30/45 at 2024-01-04 00:15:37.172090
Train loss: 0.919778, Test loss: 1.1063
[INFO]  We are saving the model at epoch 30.
[INFO]  Plotting and saving the Loss Function, decis and learning rate...
[TIME]  Training batch on epoch 31 done at 2024-01-04 00:15:37.556946.
[TIME]  Testing batch on epoch 31 done at 2024-01-04 00:18:39.895566.
[TIME]  EPOCH: 31/45 at 2024-01-04 00:19:59.412098
Train loss: 0.915775, Test loss: 1.1443
[INFO]  We are saving the model at epoch 31.
[INFO]  Plotting and saving the Loss Function, decis and learning rate...
[TIME]  Training batch on epoch 32 done at 2024-01-04 00:19:59.800487.
[TIME]  Testing batch on epoch 32 done at 2024-01-04 00:23:05.019899.
[TIME]  EPOCH: 32/45 at 2024-01-04 00:24:25.201040
Train loss: 0.976814, Test loss: 1.2598
[INFO]  We are saving the model at epoch 32.
[INFO]  Plotting and saving the Loss Function, decis and learning rate...
[TIME]  Training batch on epoch 33 done at 2024-01-04 00:24:25.595254.
[TIME]  Testing batch on epoch 33 done at 2024-01-04 00:27:20.985649.
[TIME]  EPOCH: 33/45 at 2024-01-04 00:28:40.593882
Train loss: 0.992601, Test loss: 1.1394
[INFO]  We are saving the model at epoch 33.
[INFO]  Plotting and saving the Loss Function, decis and learning rate...
[TIME]  Training batch on epoch 34 done at 2024-01-04 00:28:40.988946.
[TIME]  Testing batch on epoch 34 done at 2024-01-04 00:31:48.271460.
[TIME]  EPOCH: 34/45 at 2024-01-04 00:33:08.159885
Train loss: 0.921003, Test loss: 1.1505
[INFO]  We are saving the model at epoch 34.
[INFO]  Plotting and saving the Loss Function, decis and learning rate...
[TIME]  Training batch on epoch 35 done at 2024-01-04 00:33:08.548224.
[TIME]  Testing batch on epoch 35 done at 2024-01-04 00:36:09.568146.
[TIME]  EPOCH: 35/45 at 2024-01-04 00:37:44.175170
Train loss: 0.879867, Test loss: 1.1026
[INFO]  We are saving the model at epoch 35.
[INFO]  Plotting and saving the Loss Function, decis and learning rate...
[TIME]  Training batch on epoch 36 done at 2024-01-04 00:37:44.576833.
[TIME]  Testing batch on epoch 36 done at 2024-01-04 00:40:49.298319.
[TIME]  EPOCH: 36/45 at 2024-01-04 00:42:22.835749
Train loss: 0.871446, Test loss: 1.0747
[INFO]  We are saving the model at epoch 36.
[INFO]  Plotting and saving the Loss Function, decis and learning rate...
[TIME]  Training batch on epoch 37 done at 2024-01-04 00:42:23.232476.
[TIME]  Testing batch on epoch 37 done at 2024-01-04 00:45:28.893290.
[TIME]  EPOCH: 37/45 at 2024-01-04 00:46:50.724958
Train loss: 0.864826, Test loss: 1.0733
[INFO]  We are saving the model at epoch 37.
[INFO]  Plotting and saving the Loss Function, decis and learning rate...
[TIME]  Training batch on epoch 38 done at 2024-01-04 00:46:51.135930.
[TIME]  Testing batch on epoch 38 done at 2024-01-04 00:49:56.567928.
[TIME]  EPOCH: 38/45 at 2024-01-04 00:51:16.912785
Train loss: 0.850403, Test loss: 1.1184
[INFO]  We are saving the model at epoch 38.
[INFO]  Plotting and saving the Loss Function, decis and learning rate...
[TIME]  Training batch on epoch 39 done at 2024-01-04 00:51:17.315445.
[TIME]  Testing batch on epoch 39 done at 2024-01-04 00:54:18.377985.
[TIME]  EPOCH: 39/45 at 2024-01-04 00:55:37.944791
Train loss: 0.845564, Test loss: 1.0472
[INFO]  We are saving the model at epoch 39.
[INFO]  Plotting and saving the Loss Function, decis and learning rate...
[TIME]  Training batch on epoch 40 done at 2024-01-04 00:55:38.359061.
[TIME]  Testing batch on epoch 40 done at 2024-01-04 00:58:37.459405.
[TIME]  EPOCH: 40/45 at 2024-01-04 00:59:58.333818
Train loss: 0.843852, Test loss: 1.0798
[INFO]  We are saving the model at epoch 40.
[INFO]  Plotting and saving the Loss Function, decis and learning rate...
[TIME]  Training batch on epoch 41 done at 2024-01-04 00:59:59.006897.
[TIME]  Testing batch on epoch 41 done at 2024-01-04 01:02:57.816131.
[TIME]  EPOCH: 41/45 at 2024-01-04 01:04:32.823902
Train loss: 0.861349, Test loss: 1.1238
[INFO]  We are saving the model at epoch 41.
[INFO]  Plotting and saving the Loss Function, decis and learning rate...
[TIME]  Training batch on epoch 42 done at 2024-01-04 01:04:33.244782.
[TIME]  Testing batch on epoch 42 done at 2024-01-04 01:07:40.105762.
[TIME]  EPOCH: 42/45 at 2024-01-04 01:09:00.382022
Train loss: 0.881625, Test loss: 1.0881
[INFO]  We are saving the model at epoch 42.
[INFO]  Plotting and saving the Loss Function, decis and learning rate...
[TIME]  Training batch on epoch 43 done at 2024-01-04 01:09:00.758754.
[TIME]  Testing batch on epoch 43 done at 2024-01-04 01:12:01.062030.
[TIME]  EPOCH: 43/45 at 2024-01-04 01:13:21.344810
Train loss: 0.836419, Test loss: 1.0796
[INFO]  We are saving the model at epoch 43.
[INFO]  Plotting and saving the Loss Function, decis and learning rate...
[TIME]  Training batch on epoch 44 done at 2024-01-04 01:13:21.726374.
[TIME]  Testing batch on epoch 44 done at 2024-01-04 01:16:23.207008.
[TIME]  EPOCH: 44/45 at 2024-01-04 01:17:42.659141
Train loss: 0.823649, Test loss: 1.0930
[INFO]  We are saving the model at epoch 44.
[INFO]  Plotting and saving the Loss Function, decis and learning rate...
[TIME]  Training batch on epoch 45 done at 2024-01-04 01:17:43.051436.
[TIME]  Testing batch on epoch 45 done at 2024-01-04 01:20:39.196010.
[TIME]  EPOCH: 45/45 at 2024-01-04 01:21:59.728247
Train loss: 0.843464, Test loss: 1.0879
[INFO]  We are saving the model at epoch 45.
[INFO]  Plotting and saving the Loss Function, decis and learning rate...
[TIME]  Total time taken to train the model: 11968.42s
[DATA]  We save metrics file.
[INFO]  Plotting and saving the Loss Function, decis and learning rate...
[INFO]  We are saving the model...
[INFO]  Training model finished
Toolkit 11.8 doesn't exist for cluster bigfoot.
[TIME]  Script stats at: 2024-01-04 10:09:58.443111
[INFO]  You start a process related with the ID: binaire-1-3
[PARALLELISM]  The status of cuda is: True.
[PARALLELISM]  The status of MPS is: False.
[PARALLELISM]  There are: 1 devices.
[PARALLELISM]  Parallelism is activated : False
[DATA]  You created a new folder : /home/conversb/Semantic_Segmentation_U-NET/output/binaire-1-3
[SAVE]  The config.py file has been saved in the id session folder.
[INFO]  Start of model training
[INFO]  Train and test paths spliting...
[INFO]  Saving testing image paths...
[INFO]  Segmentation in Dataset...
[INFO]  found 340 examples in the training set...
[INFO]  found 60 examples in the test set...
[INFO]  Creation of Torch DataLoader...
[INFO]  Training the network...
[TIME]  Training batch on epoch 1 done at 2024-01-04 10:10:00.998636.
[TIME]  Testing batch on epoch 1 done at 2024-01-04 10:11:37.479360.
[TIME]  EPOCH: 1/45 at 2024-01-04 10:11:55.639852
Train loss: 0.705820, Test loss: 0.7865
[INFO]  We are saving the model at epoch 1.
[INFO]  Plotting and saving the Loss Function, decis and learning rate...
[TIME]  Training batch on epoch 2 done at 2024-01-04 10:11:56.069703.
[TIME]  Testing batch on epoch 2 done at 2024-01-04 10:13:28.743358.
[TIME]  EPOCH: 2/45 at 2024-01-04 10:13:46.583001
Train loss: 0.698435, Test loss: 0.7762
[INFO]  We are saving the model at epoch 2.
[INFO]  Plotting and saving the Loss Function, decis and learning rate...
[TIME]  Training batch on epoch 3 done at 2024-01-04 10:13:46.902963.
[TIME]  Testing batch on epoch 3 done at 2024-01-04 10:15:19.582115.
[TIME]  EPOCH: 3/45 at 2024-01-04 10:15:37.570325
Train loss: 0.678789, Test loss: 0.7546
[INFO]  We are saving the model at epoch 3.
[INFO]  Plotting and saving the Loss Function, decis and learning rate...
[TIME]  Training batch on epoch 4 done at 2024-01-04 10:15:37.984416.
[TIME]  Testing batch on epoch 4 done at 2024-01-04 10:17:09.854379.
[TIME]  EPOCH: 4/45 at 2024-01-04 10:17:27.660500
Train loss: 0.648214, Test loss: 0.6839
[INFO]  We are saving the model at epoch 4.
[INFO]  Plotting and saving the Loss Function, decis and learning rate...
[TIME]  Training batch on epoch 5 done at 2024-01-04 10:17:27.996307.
[TIME]  Testing batch on epoch 5 done at 2024-01-04 10:19:01.040888.
[TIME]  EPOCH: 5/45 at 2024-01-04 10:19:18.761601
Train loss: 0.601472, Test loss: 0.6647
[INFO]  We are saving the model at epoch 5.
[INFO]  Plotting and saving the Loss Function, decis and learning rate...
[TIME]  Training batch on epoch 6 done at 2024-01-04 10:19:19.127938.
[TIME]  Testing batch on epoch 6 done at 2024-01-04 10:20:49.959000.
[TIME]  EPOCH: 6/45 at 2024-01-04 10:21:07.742419
Train loss: 0.589634, Test loss: 0.6389
[INFO]  We are saving the model at epoch 6.
[INFO]  Plotting and saving the Loss Function, decis and learning rate...
[TIME]  Training batch on epoch 7 done at 2024-01-04 10:21:08.073667.
[TIME]  Testing batch on epoch 7 done at 2024-01-04 10:22:40.013756.
[TIME]  EPOCH: 7/45 at 2024-01-04 10:22:57.630838
Train loss: 0.582872, Test loss: 0.6432
[INFO]  We are saving the model at epoch 7.
[INFO]  Plotting and saving the Loss Function, decis and learning rate...
[TIME]  Training batch on epoch 8 done at 2024-01-04 10:22:57.983300.
[TIME]  Testing batch on epoch 8 done at 2024-01-04 10:24:32.461016.
[TIME]  EPOCH: 8/45 at 2024-01-04 10:24:50.336506
Train loss: 0.573045, Test loss: 0.6153
[INFO]  We are saving the model at epoch 8.
[INFO]  Plotting and saving the Loss Function, decis and learning rate...
[TIME]  Training batch on epoch 9 done at 2024-01-04 10:24:50.749035.
[TIME]  Testing batch on epoch 9 done at 2024-01-04 10:26:24.383226.
[TIME]  EPOCH: 9/45 at 2024-01-04 10:26:42.308706
Train loss: 0.563971, Test loss: 0.5980
[INFO]  We are saving the model at epoch 9.
[INFO]  Plotting and saving the Loss Function, decis and learning rate...
[TIME]  Training batch on epoch 10 done at 2024-01-04 10:26:42.649131.
[TIME]  Testing batch on epoch 10 done at 2024-01-04 10:28:15.825812.
[TIME]  EPOCH: 10/45 at 2024-01-04 10:28:33.483188
Train loss: 0.549350, Test loss: 0.5772
[INFO]  We are saving the model at epoch 10.
[INFO]  Plotting and saving the Loss Function, decis and learning rate...
[TIME]  Training batch on epoch 11 done at 2024-01-04 10:28:33.793082.
[TIME]  Testing batch on epoch 11 done at 2024-01-04 10:30:05.164795.
[TIME]  EPOCH: 11/45 at 2024-01-04 10:30:23.050782
Train loss: 0.533312, Test loss: 0.5529
[INFO]  We are saving the model at epoch 11.
[INFO]  Plotting and saving the Loss Function, decis and learning rate...
[TIME]  Training batch on epoch 12 done at 2024-01-04 10:30:23.370601.
[TIME]  Testing batch on epoch 12 done at 2024-01-04 10:31:55.936261.
[TIME]  EPOCH: 12/45 at 2024-01-04 10:32:13.534762
Train loss: 0.505096, Test loss: 0.5045
[INFO]  We are saving the model at epoch 12.
[INFO]  Plotting and saving the Loss Function, decis and learning rate...
[TIME]  Training batch on epoch 13 done at 2024-01-04 10:32:13.859513.
[TIME]  Testing batch on epoch 13 done at 2024-01-04 10:33:47.149765.
[TIME]  EPOCH: 13/45 at 2024-01-04 10:34:04.890811
Train loss: 0.472724, Test loss: 0.4920
[INFO]  We are saving the model at epoch 13.
[INFO]  Plotting and saving the Loss Function, decis and learning rate...
[TIME]  Training batch on epoch 14 done at 2024-01-04 10:34:05.329059.
[TIME]  Testing batch on epoch 14 done at 2024-01-04 10:35:37.837810.
[TIME]  EPOCH: 14/45 at 2024-01-04 10:35:55.546372
Train loss: 0.447912, Test loss: 0.4444
[INFO]  We are saving the model at epoch 14.
[INFO]  Plotting and saving the Loss Function, decis and learning rate...
[TIME]  Training batch on epoch 15 done at 2024-01-04 10:35:55.898491.
[TIME]  Testing batch on epoch 15 done at 2024-01-04 10:37:28.923973.
[TIME]  EPOCH: 15/45 at 2024-01-04 10:37:46.764417
Train loss: 0.424137, Test loss: 0.4426
[INFO]  We are saving the model at epoch 15.
[INFO]  Plotting and saving the Loss Function, decis and learning rate...
[TIME]  Training batch on epoch 16 done at 2024-01-04 10:37:47.112010.
[TIME]  Testing batch on epoch 16 done at 2024-01-04 10:39:18.673381.
[TIME]  EPOCH: 16/45 at 2024-01-04 10:39:36.234622
Train loss: 0.412656, Test loss: 0.5263
[INFO]  We are saving the model at epoch 16.
[INFO]  Plotting and saving the Loss Function, decis and learning rate...
[TIME]  Training batch on epoch 17 done at 2024-01-04 10:39:36.592276.
[TIME]  Testing batch on epoch 17 done at 2024-01-04 10:41:10.754829.
[TIME]  EPOCH: 17/45 at 2024-01-04 10:41:28.477119
Train loss: 0.423579, Test loss: 0.5184
[INFO]  We are saving the model at epoch 17.
[INFO]  Plotting and saving the Loss Function, decis and learning rate...
[TIME]  Training batch on epoch 18 done at 2024-01-04 10:41:28.835398.
[TIME]  Testing batch on epoch 18 done at 2024-01-04 10:43:02.321803.
[TIME]  EPOCH: 18/45 at 2024-01-04 10:43:20.210868
Train loss: 0.420006, Test loss: 0.4331
[INFO]  We are saving the model at epoch 18.
[INFO]  Plotting and saving the Loss Function, decis and learning rate...
[TIME]  Training batch on epoch 19 done at 2024-01-04 10:43:20.575845.
[TIME]  Testing batch on epoch 19 done at 2024-01-04 10:44:54.693873.
[TIME]  EPOCH: 19/45 at 2024-01-04 10:45:12.390015
Train loss: 0.407351, Test loss: 0.4308
[INFO]  We are saving the model at epoch 19.
[INFO]  Plotting and saving the Loss Function, decis and learning rate...
[TIME]  Training batch on epoch 20 done at 2024-01-04 10:45:12.749088.
[TIME]  Testing batch on epoch 20 done at 2024-01-04 10:46:44.458745.
[TIME]  EPOCH: 20/45 at 2024-01-04 10:47:02.288054
Train loss: 0.408551, Test loss: 0.4296
[INFO]  We are saving the model at epoch 20.
[INFO]  Plotting and saving the Loss Function, decis and learning rate...
[TIME]  Training batch on epoch 21 done at 2024-01-04 10:47:02.782979.
[TIME]  Testing batch on epoch 21 done at 2024-01-04 10:48:36.413249.
[TIME]  EPOCH: 21/45 at 2024-01-04 10:48:54.135350
Train loss: 0.398059, Test loss: 0.4212
[INFO]  We are saving the model at epoch 21.
[INFO]  Plotting and saving the Loss Function, decis and learning rate...
[TIME]  Training batch on epoch 22 done at 2024-01-04 10:48:54.505880.
[TIME]  Testing batch on epoch 22 done at 2024-01-04 10:50:28.372338.
[TIME]  EPOCH: 22/45 at 2024-01-04 10:50:46.052240
Train loss: 0.403750, Test loss: 0.4199
[INFO]  We are saving the model at epoch 22.
[INFO]  Plotting and saving the Loss Function, decis and learning rate...
[TIME]  Training batch on epoch 23 done at 2024-01-04 10:50:46.390558.
[TIME]  Testing batch on epoch 23 done at 2024-01-04 10:52:19.562640.
[TIME]  EPOCH: 23/45 at 2024-01-04 10:52:37.656098
Train loss: 0.405213, Test loss: 0.4210
[INFO]  We are saving the model at epoch 23.
[INFO]  Plotting and saving the Loss Function, decis and learning rate...
[TIME]  Training batch on epoch 24 done at 2024-01-04 10:52:37.991459.
[TIME]  Testing batch on epoch 24 done at 2024-01-04 10:54:09.109351.
[TIME]  EPOCH: 24/45 at 2024-01-04 10:54:26.816968
Train loss: 0.398791, Test loss: 0.4048
[INFO]  We are saving the model at epoch 24.
[INFO]  Plotting and saving the Loss Function, decis and learning rate...
[TIME]  Training batch on epoch 25 done at 2024-01-04 10:54:27.149116.
[TIME]  Testing batch on epoch 25 done at 2024-01-04 10:55:59.179143.
[TIME]  EPOCH: 25/45 at 2024-01-04 10:56:16.815099
Train loss: 0.399006, Test loss: 0.4162
[INFO]  We are saving the model at epoch 25.
[INFO]  Plotting and saving the Loss Function, decis and learning rate...
[TIME]  Training batch on epoch 26 done at 2024-01-04 10:56:17.155213.
[TIME]  Testing batch on epoch 26 done at 2024-01-04 10:57:53.854489.
[TIME]  EPOCH: 26/45 at 2024-01-04 10:58:12.819768
Train loss: 0.407856, Test loss: 0.4270
[INFO]  We are saving the model at epoch 26.
[INFO]  Plotting and saving the Loss Function, decis and learning rate...
[TIME]  Training batch on epoch 27 done at 2024-01-04 10:58:13.167599.
[TIME]  Testing batch on epoch 27 done at 2024-01-04 10:59:50.790726.
[TIME]  EPOCH: 27/45 at 2024-01-04 11:00:09.453170
Train loss: 0.391432, Test loss: 0.4314
[INFO]  We are saving the model at epoch 27.
[INFO]  Plotting and saving the Loss Function, decis and learning rate...
[TIME]  Training batch on epoch 28 done at 2024-01-04 11:00:09.801316.
[TIME]  Testing batch on epoch 28 done at 2024-01-04 11:01:47.273602.
[TIME]  EPOCH: 28/45 at 2024-01-04 11:02:05.604879
Train loss: 0.406290, Test loss: 0.4132
[INFO]  We are saving the model at epoch 28.
[INFO]  Plotting and saving the Loss Function, decis and learning rate...
[TIME]  Training batch on epoch 29 done at 2024-01-04 11:02:05.945519.
[TIME]  Testing batch on epoch 29 done at 2024-01-04 11:03:45.214767.
[TIME]  EPOCH: 29/45 at 2024-01-04 11:04:03.938631
Train loss: 0.393678, Test loss: 0.4267
[INFO]  We are saving the model at epoch 29.
[INFO]  Plotting and saving the Loss Function, decis and learning rate...
[TIME]  Training batch on epoch 30 done at 2024-01-04 11:04:04.461766.
[TIME]  Testing batch on epoch 30 done at 2024-01-04 11:05:42.348447.
[TIME]  EPOCH: 30/45 at 2024-01-04 11:06:01.186717
Train loss: 0.391028, Test loss: 0.4010
[INFO]  We are saving the model at epoch 30.
[INFO]  Plotting and saving the Loss Function, decis and learning rate...
[TIME]  Training batch on epoch 31 done at 2024-01-04 11:06:01.544068.
[TIME]  Testing batch on epoch 31 done at 2024-01-04 11:07:41.064881.
[TIME]  EPOCH: 31/45 at 2024-01-04 11:07:59.747274
Train loss: 0.390747, Test loss: 0.4141
[INFO]  We are saving the model at epoch 31.
[INFO]  Plotting and saving the Loss Function, decis and learning rate...
[TIME]  Training batch on epoch 32 done at 2024-01-04 11:08:00.105836.
[TIME]  Testing batch on epoch 32 done at 2024-01-04 11:09:37.398493.
[TIME]  EPOCH: 32/45 at 2024-01-04 11:09:56.126965
Train loss: 0.389492, Test loss: 0.4090
[INFO]  We are saving the model at epoch 32.
[INFO]  Plotting and saving the Loss Function, decis and learning rate...
[TIME]  Training batch on epoch 33 done at 2024-01-04 11:09:56.476119.
[TIME]  Testing batch on epoch 33 done at 2024-01-04 11:11:34.542770.
[TIME]  EPOCH: 33/45 at 2024-01-04 11:11:53.136796
Train loss: 0.395360, Test loss: 0.4143
[INFO]  We are saving the model at epoch 33.
[INFO]  Plotting and saving the Loss Function, decis and learning rate...
[TIME]  Training batch on epoch 34 done at 2024-01-04 11:11:53.486071.
[TIME]  Testing batch on epoch 34 done at 2024-01-04 11:13:30.707529.
[TIME]  EPOCH: 34/45 at 2024-01-04 11:13:48.642248
Train loss: 0.391123, Test loss: 0.4165
[INFO]  We are saving the model at epoch 34.
[INFO]  Plotting and saving the Loss Function, decis and learning rate...
[TIME]  Training batch on epoch 35 done at 2024-01-04 11:13:48.987655.
[TIME]  Testing batch on epoch 35 done at 2024-01-04 11:15:19.879314.
[TIME]  EPOCH: 35/45 at 2024-01-04 11:15:37.732803
Train loss: 0.384963, Test loss: 0.4083
[INFO]  We are saving the model at epoch 35.
[INFO]  Plotting and saving the Loss Function, decis and learning rate...
[TIME]  Training batch on epoch 36 done at 2024-01-04 11:15:38.090043.
[TIME]  Testing batch on epoch 36 done at 2024-01-04 11:17:12.332512.
[TIME]  EPOCH: 36/45 at 2024-01-04 11:17:30.264298
Train loss: 0.395248, Test loss: 0.4078
[INFO]  We are saving the model at epoch 36.
[INFO]  Plotting and saving the Loss Function, decis and learning rate...
[TIME]  Training batch on epoch 37 done at 2024-01-04 11:17:30.623209.
[TIME]  Testing batch on epoch 37 done at 2024-01-04 11:19:04.055854.
[TIME]  EPOCH: 37/45 at 2024-01-04 11:19:21.764851
Train loss: 0.388486, Test loss: 0.4089
[INFO]  We are saving the model at epoch 37.
[INFO]  Plotting and saving the Loss Function, decis and learning rate...
[TIME]  Training batch on epoch 38 done at 2024-01-04 11:19:22.120610.
[TIME]  Testing batch on epoch 38 done at 2024-01-04 11:20:53.254994.
[TIME]  EPOCH: 38/45 at 2024-01-04 11:21:11.278766
Train loss: 0.384382, Test loss: 0.4107
[INFO]  We are saving the model at epoch 38.
[INFO]  Plotting and saving the Loss Function, decis and learning rate...
[TIME]  Training batch on epoch 39 done at 2024-01-04 11:21:11.634487.
[TIME]  Testing batch on epoch 39 done at 2024-01-04 11:22:46.060298.
[TIME]  EPOCH: 39/45 at 2024-01-04 11:23:04.207663
Train loss: 0.378713, Test loss: 0.4118
[INFO]  We are saving the model at epoch 39.
[INFO]  Plotting and saving the Loss Function, decis and learning rate...
[TIME]  Training batch on epoch 40 done at 2024-01-04 11:23:04.797910.
[TIME]  Testing batch on epoch 40 done at 2024-01-04 11:24:38.740635.
[TIME]  EPOCH: 40/45 at 2024-01-04 11:24:56.638181
Train loss: 0.388154, Test loss: 0.4023
[INFO]  We are saving the model at epoch 40.
[INFO]  Plotting and saving the Loss Function, decis and learning rate...
[TIME]  Training batch on epoch 41 done at 2024-01-04 11:24:57.011834.
[TIME]  Testing batch on epoch 41 done at 2024-01-04 11:26:29.657384.
[TIME]  EPOCH: 41/45 at 2024-01-04 11:26:47.284572
Train loss: 0.381957, Test loss: 0.3968
[INFO]  We are saving the model at epoch 41.
[INFO]  Plotting and saving the Loss Function, decis and learning rate...
[TIME]  Training batch on epoch 42 done at 2024-01-04 11:26:47.653335.
[TIME]  Testing batch on epoch 42 done at 2024-01-04 11:28:19.669442.
[TIME]  EPOCH: 42/45 at 2024-01-04 11:28:37.452999
Train loss: 0.382744, Test loss: 0.3956
[INFO]  We are saving the model at epoch 42.
[INFO]  Plotting and saving the Loss Function, decis and learning rate...
[TIME]  Training batch on epoch 43 done at 2024-01-04 11:28:37.793920.
[TIME]  Testing batch on epoch 43 done at 2024-01-04 11:30:11.511293.
[TIME]  EPOCH: 43/45 at 2024-01-04 11:30:29.403146
Train loss: 0.380705, Test loss: 0.4091
[INFO]  We are saving the model at epoch 43.
[INFO]  Plotting and saving the Loss Function, decis and learning rate...
[TIME]  Training batch on epoch 44 done at 2024-01-04 11:30:29.742195.
[TIME]  Testing batch on epoch 44 done at 2024-01-04 11:32:05.101217.
[TIME]  EPOCH: 44/45 at 2024-01-04 11:32:22.871863
Train loss: 0.388338, Test loss: 0.3932
[INFO]  We are saving the model at epoch 44.
[INFO]  Plotting and saving the Loss Function, decis and learning rate...
[TIME]  Training batch on epoch 45 done at 2024-01-04 11:32:23.207945.
[TIME]  Testing batch on epoch 45 done at 2024-01-04 11:33:54.456296.
[TIME]  EPOCH: 45/45 at 2024-01-04 11:34:12.508479
Train loss: 0.381092, Test loss: 0.4030
[INFO]  We are saving the model at epoch 45.
[INFO]  Plotting and saving the Loss Function, decis and learning rate...
[TIME]  Total time taken to train the model: 5051.86s
[DATA]  We save metrics file.
[INFO]  Plotting and saving the Loss Function, decis and learning rate...
[INFO]  We are saving the model...
[INFO]  Training model finished
